<?xml version="1.0" encoding="UTF-8"?>
<testsuite xmlns:xsi="http://www.w3.org/2001/XMLSchema-instance" xsi:noNamespaceSchemaLocation="https://maven.apache.org/surefire/maven-surefire-plugin/xsd/surefire-test-report-3.0.xsd" version="3.0" name="TestSuite" time="105.8" tests="2" errors="0" skipped="0" failures="0">
  <properties>
[...]
</properties>
  <testcase name="loginTest" classname="com.netbanking.testcases.TC_LoginTest_001" time="8.143">
    <system-out><![CDATA[ INFO [main] (BaseClass.java:58)- URL is opened
 INFO [main] (TC_LoginTest_001.java:18)- Entered username
 INFO [main] (TC_LoginTest_001.java:21)- Entered password
Home Page Title is: Guru99 Bank Manager HomePage
 INFO [main] (TC_LoginTest_001.java:31)- Login Test passed
]]></system-out>
    <system-err><![CDATA[Starting ChromeDriver 85.0.4183.87 (cd6713ebf92fa1cacc0f1a598df280093af0c5d7-refs/branch-heads/4183@{#1689}) on port 11904
Only local connections are allowed.
Please see https://chromedriver.chromium.org/security-considerations for suggestions on keeping ChromeDriver safe.
ChromeDriver was started successfully.
[1603555223.280][WARNING]: This version of ChromeDriver has not been tested with Chrome version 86.
Oct 24, 2020 9:30:25 PM org.openqa.selenium.remote.ProtocolHandshake createSession
INFO: Detected dialect: W3C
]]></system-err>
  </testcase>
  <testcase name="addNewCustomer" classname="com.netbanking.testcases.TC_AddCustomerTest_003" time="62.703">
    <system-out><![CDATA[ INFO [main] (BaseClass.java:58)- URL is opened
 INFO [main] (TC_AddCustomerTest_003.java:18)- username provided
 INFO [main] (TC_AddCustomerTest_003.java:20)- password provided
 INFO [main] (TC_AddCustomerTest_003.java:33)- providing customer details...
For reference only-->Random number generated: 8256
Random string generated: VOIxERBi
Customer ID : 82148
 INFO [main] (TC_AddCustomerTest_003.java:61)- validation started...
 INFO [main] (TC_AddCustomerTest_003.java:66)- addNewCustomer passed
]]></system-out>
    <system-err><![CDATA[Starting ChromeDriver 85.0.4183.87 (cd6713ebf92fa1cacc0f1a598df280093af0c5d7-refs/branch-heads/4183@{#1689}) on port 26237
Only local connections are allowed.
Please see https://chromedriver.chromium.org/security-considerations for suggestions on keeping ChromeDriver safe.
ChromeDriver was started successfully.
[1603555247.082][WARNING]: This version of ChromeDriver has not been tested with Chrome version 86.
Oct 24, 2020 9:30:49 PM org.openqa.selenium.remote.ProtocolHandshake createSession
INFO: Detected dialect: W3C
]]></system-err>
  </testcase>
</testsuite>